#! /c/iverilog/bin/vvp
:ivl_version "12.0 (devel)" "(s20150603-965-g55e06db6)";
:ivl_delay_selection "TYPICAL";
:vpi_time_precision + 0;
:vpi_module "C:\iverilog\lib\ivl\system.vpi";
:vpi_module "C:\iverilog\lib\ivl\vhdl_sys.vpi";
:vpi_module "C:\iverilog\lib\ivl\vhdl_textio.vpi";
:vpi_module "C:\iverilog\lib\ivl\v2005_math.vpi";
:vpi_module "C:\iverilog\lib\ivl\va_math.vpi";
S_00000000008b0780 .scope module, "alutest" "alutest" 2 1;
 .timescale 0 0;
v000000000095ca60_0 .net "Ca", 0 0, L_00000000010b7200;  1 drivers
v000000000095ba20_0 .net "Ovf", 0 0, L_00000000008f1310;  1 drivers
v000000000095bde0_0 .net "Pa", 0 0, L_000000000095c560;  1 drivers
v000000000095bac0_0 .net "Si", 0 0, L_000000000095cba0;  1 drivers
v000000000095c380_0 .var "X", 15 0;
v000000000095c9c0_0 .var "Y", 15 0;
v000000000095b8e0_0 .net "Z", 15 0, L_0000000000959b80;  1 drivers
v000000000095b700_0 .net "Ze", 0 0, L_000000000095bfc0;  1 drivers
S_00000000008b0910 .scope module, "DUT" "ALU" 2 3, 3 1 0, S_00000000008b0780;
 .timescale 0 0;
    .port_info 0 /INPUT 16 "X";
    .port_info 1 /INPUT 16 "Y";
    .port_info 2 /OUTPUT 16 "Z";
    .port_info 3 /OUTPUT 1 "Sign";
    .port_info 4 /OUTPUT 1 "Zero";
    .port_info 5 /OUTPUT 1 "Carry";
    .port_info 6 /OUTPUT 1 "Parity";
    .port_info 7 /OUTPUT 1 "Overflow";
L_00000000008f15b0 .functor AND 1, L_000000000095c7e0, L_000000000095c880, C4<1>, C4<1>;
L_00000000008f2110 .functor NOT 1, L_000000000095bb60, C4<0>, C4<0>, C4<0>;
L_00000000008f20a0 .functor AND 1, L_00000000008f15b0, L_00000000008f2110, C4<1>, C4<1>;
L_00000000008f12a0 .functor NOT 1, L_000000000095c600, C4<0>, C4<0>, C4<0>;
L_00000000008f18c0 .functor NOT 1, L_000000000095bf20, C4<0>, C4<0>, C4<0>;
L_00000000008f1700 .functor AND 1, L_00000000008f12a0, L_00000000008f18c0, C4<1>, C4<1>;
L_00000000008f1620 .functor AND 1, L_00000000008f1700, L_000000000095c920, C4<1>, C4<1>;
L_00000000008f1310 .functor OR 1, L_00000000008f20a0, L_00000000008f1620, C4<0>, C4<0>;
v00000000009584d0_0 .net "Carry", 0 0, L_00000000010b7200;  alias, 1 drivers
v0000000000957210_0 .net "Overflow", 0 0, L_00000000008f1310;  alias, 1 drivers
v0000000000957df0_0 .net "Parity", 0 0, L_000000000095c560;  alias, 1 drivers
v0000000000957e90_0 .net "Sign", 0 0, L_000000000095cba0;  alias, 1 drivers
v0000000000958070_0 .net "X", 15 0, v000000000095c380_0;  1 drivers
v0000000000958570_0 .net "Y", 15 0, v000000000095c9c0_0;  1 drivers
v0000000000958750_0 .net "Z", 15 0, L_0000000000959b80;  alias, 1 drivers
v00000000009587f0_0 .net "Zero", 0 0, L_000000000095bfc0;  alias, 1 drivers
v0000000000958890_0 .net *"_ivl_10", 0 0, L_00000000008f15b0;  1 drivers
v00000000009572b0_0 .net *"_ivl_13", 0 0, L_000000000095bb60;  1 drivers
v0000000000957350_0 .net *"_ivl_14", 0 0, L_00000000008f2110;  1 drivers
v0000000000957530_0 .net *"_ivl_16", 0 0, L_00000000008f20a0;  1 drivers
v00000000009575d0_0 .net *"_ivl_19", 0 0, L_000000000095c600;  1 drivers
v0000000000957670_0 .net *"_ivl_20", 0 0, L_00000000008f12a0;  1 drivers
v0000000000957710_0 .net *"_ivl_23", 0 0, L_000000000095bf20;  1 drivers
v0000000000957a30_0 .net *"_ivl_24", 0 0, L_00000000008f18c0;  1 drivers
v00000000009577b0_0 .net *"_ivl_26", 0 0, L_00000000008f1700;  1 drivers
v0000000000957850_0 .net *"_ivl_29", 0 0, L_000000000095c920;  1 drivers
v0000000000957990_0 .net *"_ivl_30", 0 0, L_00000000008f1620;  1 drivers
v000000000095b980_0 .net *"_ivl_7", 0 0, L_000000000095c7e0;  1 drivers
v000000000095c740_0 .net *"_ivl_9", 0 0, L_000000000095c880;  1 drivers
v000000000095cb00 .array "c", 1 3;
v000000000095cb00_0 .net v000000000095cb00 0, 0 0, L_000000000095dbc0; 1 drivers
v000000000095cb00_1 .net v000000000095cb00 1, 0 0, L_00000000010b3870; 1 drivers
v000000000095cb00_2 .net v000000000095cb00 2, 0 0, L_00000000010b6cc0; 1 drivers
L_000000000095cba0 .part L_0000000000959b80, 15, 1;
L_000000000095bfc0 .reduce/nor L_0000000000959b80;
L_000000000095c560 .reduce/xor L_0000000000959b80;
L_000000000095c7e0 .part v000000000095c380_0, 15, 1;
L_000000000095c880 .part v000000000095c9c0_0, 15, 1;
L_000000000095bb60 .part L_0000000000959b80, 15, 1;
L_000000000095c600 .part v000000000095c380_0, 15, 1;
L_000000000095bf20 .part v000000000095c9c0_0, 15, 1;
L_000000000095c920 .part L_0000000000959b80, 15, 1;
L_000000000095a580 .part v000000000095c380_0, 0, 4;
L_00000000009594a0 .part v000000000095c9c0_0, 0, 4;
L_000000000095a800 .part v000000000095c380_0, 4, 4;
L_000000000095b480 .part v000000000095c9c0_0, 4, 4;
L_000000000095b2a0 .part v000000000095c380_0, 8, 4;
L_000000000095b3e0 .part v000000000095c9c0_0, 8, 4;
L_0000000000959b80 .concat8 [ 4 4 4 4], L_000000000095b840, L_000000000095a9e0, L_000000000095a620, L_00000000009595e0;
L_0000000000959a40 .part v000000000095c380_0, 12, 4;
L_0000000000959c20 .part v000000000095c9c0_0, 12, 4;
S_000000000105e950 .scope module, "A0" "adder4" 3 12, 4 1 0, S_00000000008b0910;
 .timescale 0 0;
    .port_info 0 /OUTPUT 4 "S";
    .port_info 1 /OUTPUT 1 "cout";
    .port_info 2 /INPUT 4 "A";
    .port_info 3 /INPUT 4 "B";
    .port_info 4 /INPUT 1 "cin";
L_00000000008f1d20 .functor XOR 1, L_000000000095bc00, L_000000000095cc40, C4<0>, C4<0>;
L_00000000008f17e0 .functor XOR 1, L_000000000095b7a0, L_000000000095c2e0, C4<0>, C4<0>;
L_00000000008f1850 .functor XOR 1, L_000000000095c060, L_000000000095be80, C4<0>, C4<0>;
L_00000000008f1460 .functor XOR 1, L_000000000095bd40, L_000000000095c6a0, C4<0>, C4<0>;
L_00000000008f1e00 .functor AND 1, L_000000000095bca0, L_000000000095c240, C4<1>, C4<1>;
L_00000000008f1540 .functor AND 1, L_000000000095c420, L_000000000095c100, C4<1>, C4<1>;
L_00000000008f1fc0 .functor AND 1, L_000000000095c1a0, L_000000000095b5c0, C4<1>, C4<1>;
L_00000000008f1380 .functor AND 1, L_000000000095c4c0, L_000000000095b660, C4<1>, C4<1>;
L_0000000001069798 .functor BUFT 1, C4<0>, C4<0>, C4<0>, C4<0>;
L_00000000008f19a0 .functor AND 1, L_00000000008f1d20, L_0000000001069798, C4<1>, C4<1>;
L_00000000008f1770 .functor OR 1, L_00000000008f1e00, L_00000000008f19a0, C4<0>, C4<0>;
L_00000000008f1a80 .functor AND 1, L_00000000008f17e0, L_00000000008f1e00, C4<1>, C4<1>;
L_00000000008f1af0 .functor OR 1, L_00000000008f1540, L_00000000008f1a80, C4<0>, C4<0>;
L_00000000008f1b60 .functor AND 1, L_00000000008f17e0, L_00000000008f1d20, C4<1>, C4<1>;
L_00000000008f2030 .functor AND 1, L_00000000008f1b60, L_0000000001069798, C4<1>, C4<1>;
L_00000000008f1cb0 .functor OR 1, L_00000000008f1af0, L_00000000008f2030, C4<0>, C4<0>;
L_000000000095d370 .functor AND 1, L_00000000008f1850, L_00000000008f1540, C4<1>, C4<1>;
L_000000000095cf80 .functor OR 1, L_00000000008f1fc0, L_000000000095d370, C4<0>, C4<0>;
L_000000000095dae0 .functor AND 1, L_00000000008f1850, L_00000000008f17e0, C4<1>, C4<1>;
L_000000000095dca0 .functor AND 1, L_000000000095dae0, L_00000000008f1e00, C4<1>, C4<1>;
L_000000000095d840 .functor OR 1, L_000000000095cf80, L_000000000095dca0, C4<0>, C4<0>;
L_000000000095cdc0 .functor AND 1, L_00000000008f1850, L_00000000008f17e0, C4<1>, C4<1>;
L_000000000095d6f0 .functor AND 1, L_000000000095cdc0, L_00000000008f1d20, C4<1>, C4<1>;
L_000000000095d4c0 .functor AND 1, L_000000000095d6f0, L_0000000001069798, C4<1>, C4<1>;
L_000000000095d8b0 .functor OR 1, L_000000000095d840, L_000000000095d4c0, C4<0>, C4<0>;
L_000000000095d060 .functor AND 1, L_00000000008f1460, L_00000000008f1fc0, C4<1>, C4<1>;
L_000000000095d760 .functor OR 1, L_00000000008f1380, L_000000000095d060, C4<0>, C4<0>;
L_000000000095ce30 .functor AND 1, L_00000000008f1460, L_00000000008f1850, C4<1>, C4<1>;
L_000000000095d7d0 .functor AND 1, L_000000000095ce30, L_00000000008f1540, C4<1>, C4<1>;
L_000000000095d680 .functor OR 1, L_000000000095d760, L_000000000095d7d0, C4<0>, C4<0>;
L_000000000095cff0 .functor AND 1, L_00000000008f1460, L_00000000008f1850, C4<1>, C4<1>;
L_000000000095d920 .functor AND 1, L_000000000095cff0, L_00000000008f17e0, C4<1>, C4<1>;
L_000000000095cea0 .functor AND 1, L_000000000095d920, L_00000000008f1e00, C4<1>, C4<1>;
L_000000000095cf10 .functor OR 1, L_000000000095d680, L_000000000095cea0, C4<0>, C4<0>;
L_000000000095d0d0 .functor AND 1, L_00000000008f1460, L_00000000008f1850, C4<1>, C4<1>;
L_000000000095da00 .functor AND 1, L_000000000095d0d0, L_00000000008f17e0, C4<1>, C4<1>;
L_000000000095dc30 .functor AND 1, L_000000000095da00, L_00000000008f1d20, C4<1>, C4<1>;
L_000000000095d5a0 .functor AND 1, L_000000000095dc30, L_0000000001069798, C4<1>, C4<1>;
L_000000000095dbc0 .functor OR 1, L_000000000095cf10, L_000000000095d5a0, C4<0>, C4<0>;
L_000000000095da70 .functor XOR 1, L_00000000008f1d20, L_0000000001069798, C4<0>, C4<0>;
L_000000000095db50 .functor XOR 1, L_00000000008f17e0, L_00000000008f1770, C4<0>, C4<0>;
L_000000000095d3e0 .functor XOR 1, L_00000000008f1850, L_00000000008f1cb0, C4<0>, C4<0>;
L_000000000095d140 .functor XOR 1, L_00000000008f1460, L_000000000095d8b0, C4<0>, C4<0>;
v00000000008ed0d0_0 .net "A", 3 0, L_000000000095a580;  1 drivers
v00000000008ed170_0 .net "B", 3 0, L_00000000009594a0;  1 drivers
v00000000008ed2b0_0 .net "S", 3 0, L_000000000095b840;  1 drivers
v00000000008ed350_0 .net *"_ivl_1", 0 0, L_000000000095bc00;  1 drivers
v00000000008ec270_0 .net *"_ivl_100", 0 0, L_000000000095da00;  1 drivers
v00000000008ec310_0 .net *"_ivl_102", 0 0, L_000000000095dc30;  1 drivers
v00000000008ed3f0_0 .net *"_ivl_104", 0 0, L_000000000095d5a0;  1 drivers
v00000000008ec3b0_0 .net *"_ivl_110", 0 0, L_000000000095da70;  1 drivers
v00000000008ec590_0 .net *"_ivl_114", 0 0, L_000000000095db50;  1 drivers
v00000000008ed490_0 .net *"_ivl_118", 0 0, L_000000000095d3e0;  1 drivers
v00000000008ed530_0 .net *"_ivl_123", 0 0, L_000000000095d140;  1 drivers
v00000000008ed5d0_0 .net *"_ivl_13", 0 0, L_000000000095c060;  1 drivers
v00000000008ed7b0_0 .net *"_ivl_15", 0 0, L_000000000095be80;  1 drivers
v00000000008c21f0_0 .net *"_ivl_19", 0 0, L_000000000095bd40;  1 drivers
v00000000008d2470_0 .net *"_ivl_21", 0 0, L_000000000095c6a0;  1 drivers
v00000000008e0330_0 .net *"_ivl_25", 0 0, L_000000000095bca0;  1 drivers
v000000000094e070_0 .net *"_ivl_27", 0 0, L_000000000095c240;  1 drivers
v000000000094eed0_0 .net *"_ivl_3", 0 0, L_000000000095cc40;  1 drivers
v000000000094f290_0 .net *"_ivl_31", 0 0, L_000000000095c420;  1 drivers
v000000000094fbf0_0 .net *"_ivl_33", 0 0, L_000000000095c100;  1 drivers
v000000000094e890_0 .net *"_ivl_37", 0 0, L_000000000095c1a0;  1 drivers
v000000000094fb50_0 .net *"_ivl_39", 0 0, L_000000000095b5c0;  1 drivers
v000000000094e390_0 .net *"_ivl_43", 0 0, L_000000000095c4c0;  1 drivers
v000000000094f970_0 .net *"_ivl_45", 0 0, L_000000000095b660;  1 drivers
v000000000094fa10_0 .net *"_ivl_48", 0 0, L_00000000008f19a0;  1 drivers
v000000000094e110_0 .net *"_ivl_52", 0 0, L_00000000008f1a80;  1 drivers
v000000000094f010_0 .net *"_ivl_54", 0 0, L_00000000008f1af0;  1 drivers
v000000000094e930_0 .net *"_ivl_56", 0 0, L_00000000008f1b60;  1 drivers
v000000000094f1f0_0 .net *"_ivl_58", 0 0, L_00000000008f2030;  1 drivers
v000000000094e750_0 .net *"_ivl_62", 0 0, L_000000000095d370;  1 drivers
v000000000094f470_0 .net *"_ivl_64", 0 0, L_000000000095cf80;  1 drivers
v000000000094ecf0_0 .net *"_ivl_66", 0 0, L_000000000095dae0;  1 drivers
v000000000094ea70_0 .net *"_ivl_68", 0 0, L_000000000095dca0;  1 drivers
v000000000094e7f0_0 .net *"_ivl_7", 0 0, L_000000000095b7a0;  1 drivers
v000000000094fab0_0 .net *"_ivl_70", 0 0, L_000000000095d840;  1 drivers
v000000000094e9d0_0 .net *"_ivl_72", 0 0, L_000000000095cdc0;  1 drivers
v000000000094e1b0_0 .net *"_ivl_74", 0 0, L_000000000095d6f0;  1 drivers
v000000000094e2f0_0 .net *"_ivl_76", 0 0, L_000000000095d4c0;  1 drivers
v000000000094fc90_0 .net *"_ivl_80", 0 0, L_000000000095d060;  1 drivers
v000000000094eb10_0 .net *"_ivl_82", 0 0, L_000000000095d760;  1 drivers
v000000000094f6f0_0 .net *"_ivl_84", 0 0, L_000000000095ce30;  1 drivers
v000000000094de90_0 .net *"_ivl_86", 0 0, L_000000000095d7d0;  1 drivers
v000000000094ebb0_0 .net *"_ivl_88", 0 0, L_000000000095d680;  1 drivers
v000000000094ef70_0 .net *"_ivl_9", 0 0, L_000000000095c2e0;  1 drivers
v000000000094f330_0 .net *"_ivl_90", 0 0, L_000000000095cff0;  1 drivers
v000000000094f0b0_0 .net *"_ivl_92", 0 0, L_000000000095d920;  1 drivers
v000000000094df30_0 .net *"_ivl_94", 0 0, L_000000000095cea0;  1 drivers
v000000000094e4d0_0 .net *"_ivl_96", 0 0, L_000000000095cf10;  1 drivers
v000000000094f150_0 .net *"_ivl_98", 0 0, L_000000000095d0d0;  1 drivers
v000000000094fd30_0 .net "c1", 0 0, L_00000000008f1770;  1 drivers
v000000000094e430_0 .net "c2", 0 0, L_00000000008f1cb0;  1 drivers
v000000000094f650_0 .net "c3", 0 0, L_000000000095d8b0;  1 drivers
v000000000094f3d0_0 .net "cin", 0 0, L_0000000001069798;  1 drivers
v000000000094f830_0 .net "cout", 0 0, L_000000000095dbc0;  alias, 1 drivers
v000000000094f510_0 .net "g0", 0 0, L_00000000008f1e00;  1 drivers
v000000000094e570_0 .net "g1", 0 0, L_00000000008f1540;  1 drivers
v000000000094f790_0 .net "g2", 0 0, L_00000000008f1fc0;  1 drivers
v000000000094f5b0_0 .net "g3", 0 0, L_00000000008f1380;  1 drivers
v000000000094dfd0_0 .net "p0", 0 0, L_00000000008f1d20;  1 drivers
v000000000094e6b0_0 .net "p1", 0 0, L_00000000008f17e0;  1 drivers
v000000000094e250_0 .net "p2", 0 0, L_00000000008f1850;  1 drivers
v000000000094e610_0 .net "p3", 0 0, L_00000000008f1460;  1 drivers
L_000000000095bc00 .part L_000000000095a580, 0, 1;
L_000000000095cc40 .part L_00000000009594a0, 0, 1;
L_000000000095b7a0 .part L_000000000095a580, 1, 1;
L_000000000095c2e0 .part L_00000000009594a0, 1, 1;
L_000000000095c060 .part L_000000000095a580, 2, 1;
L_000000000095be80 .part L_00000000009594a0, 2, 1;
L_000000000095bd40 .part L_000000000095a580, 3, 1;
L_000000000095c6a0 .part L_00000000009594a0, 3, 1;
L_000000000095bca0 .part L_000000000095a580, 0, 1;
L_000000000095c240 .part L_00000000009594a0, 0, 1;
L_000000000095c420 .part L_000000000095a580, 1, 1;
L_000000000095c100 .part L_00000000009594a0, 1, 1;
L_000000000095c1a0 .part L_000000000095a580, 2, 1;
L_000000000095b5c0 .part L_00000000009594a0, 2, 1;
L_000000000095c4c0 .part L_000000000095a580, 3, 1;
L_000000000095b660 .part L_00000000009594a0, 3, 1;
L_000000000095b840 .concat8 [ 1 1 1 1], L_000000000095da70, L_000000000095db50, L_000000000095d3e0, L_000000000095d140;
S_000000000094fe50 .scope module, "A1" "adder4" 3 13, 4 1 0, S_00000000008b0910;
 .timescale 0 0;
    .port_info 0 /OUTPUT 4 "S";
    .port_info 1 /OUTPUT 1 "cout";
    .port_info 2 /INPUT 4 "A";
    .port_info 3 /INPUT 4 "B";
    .port_info 4 /INPUT 1 "cin";
L_000000000095d1b0 .functor XOR 1, L_000000000095b020, L_000000000095b0c0, C4<0>, C4<0>;
L_000000000095d220 .functor XOR 1, L_000000000095a300, L_0000000000959540, C4<0>, C4<0>;
L_000000000095d530 .functor XOR 1, L_0000000000958fa0, L_000000000095a8a0, C4<0>, C4<0>;
L_000000000095d290 .functor XOR 1, L_000000000095a120, L_000000000095a940, C4<0>, C4<0>;
L_000000000095d990 .functor AND 1, L_000000000095b160, L_000000000095ab20, C4<1>, C4<1>;
L_000000000095d450 .functor AND 1, L_000000000095aee0, L_0000000000959680, C4<1>, C4<1>;
L_000000000095d300 .functor AND 1, L_000000000095b520, L_0000000000959860, C4<1>, C4<1>;
L_000000000095d610 .functor AND 1, L_000000000095a1c0, L_000000000095abc0, C4<1>, C4<1>;
L_00000000010b3950 .functor AND 1, L_000000000095d1b0, L_000000000095dbc0, C4<1>, C4<1>;
L_00000000010b4130 .functor OR 1, L_000000000095d990, L_00000000010b3950, C4<0>, C4<0>;
L_00000000010b43d0 .functor AND 1, L_000000000095d220, L_000000000095d990, C4<1>, C4<1>;
L_00000000010b4520 .functor OR 1, L_000000000095d450, L_00000000010b43d0, C4<0>, C4<0>;
L_00000000010b39c0 .functor AND 1, L_000000000095d220, L_000000000095d1b0, C4<1>, C4<1>;
L_00000000010b3c60 .functor AND 1, L_00000000010b39c0, L_000000000095dbc0, C4<1>, C4<1>;
L_00000000010b3a30 .functor OR 1, L_00000000010b4520, L_00000000010b3c60, C4<0>, C4<0>;
L_00000000010b4590 .functor AND 1, L_000000000095d530, L_000000000095d450, C4<1>, C4<1>;
L_00000000010b4210 .functor OR 1, L_000000000095d300, L_00000000010b4590, C4<0>, C4<0>;
L_00000000010b3800 .functor AND 1, L_000000000095d530, L_000000000095d220, C4<1>, C4<1>;
L_00000000010b3b10 .functor AND 1, L_00000000010b3800, L_000000000095d990, C4<1>, C4<1>;
L_00000000010b3cd0 .functor OR 1, L_00000000010b4210, L_00000000010b3b10, C4<0>, C4<0>;
L_00000000010b38e0 .functor AND 1, L_000000000095d530, L_000000000095d220, C4<1>, C4<1>;
L_00000000010b4440 .functor AND 1, L_00000000010b38e0, L_000000000095d1b0, C4<1>, C4<1>;
L_00000000010b3e20 .functor AND 1, L_00000000010b4440, L_000000000095dbc0, C4<1>, C4<1>;
L_00000000010b4280 .functor OR 1, L_00000000010b3cd0, L_00000000010b3e20, C4<0>, C4<0>;
L_00000000010b44b0 .functor AND 1, L_000000000095d290, L_000000000095d300, C4<1>, C4<1>;
L_00000000010b4600 .functor OR 1, L_000000000095d610, L_00000000010b44b0, C4<0>, C4<0>;
L_00000000010b3bf0 .functor AND 1, L_000000000095d290, L_000000000095d530, C4<1>, C4<1>;
L_00000000010b40c0 .functor AND 1, L_00000000010b3bf0, L_000000000095d450, C4<1>, C4<1>;
L_00000000010b3aa0 .functor OR 1, L_00000000010b4600, L_00000000010b40c0, C4<0>, C4<0>;
L_00000000010b3b80 .functor AND 1, L_000000000095d290, L_000000000095d530, C4<1>, C4<1>;
L_00000000010b3d40 .functor AND 1, L_00000000010b3b80, L_000000000095d220, C4<1>, C4<1>;
L_00000000010b3fe0 .functor AND 1, L_00000000010b3d40, L_000000000095d990, C4<1>, C4<1>;
L_00000000010b3db0 .functor OR 1, L_00000000010b3aa0, L_00000000010b3fe0, C4<0>, C4<0>;
L_00000000010b4670 .functor AND 1, L_000000000095d290, L_000000000095d530, C4<1>, C4<1>;
L_00000000010b46e0 .functor AND 1, L_00000000010b4670, L_000000000095d220, C4<1>, C4<1>;
L_00000000010b3f00 .functor AND 1, L_00000000010b46e0, L_000000000095d1b0, C4<1>, C4<1>;
L_00000000010b41a0 .functor AND 1, L_00000000010b3f00, L_000000000095dbc0, C4<1>, C4<1>;
L_00000000010b3870 .functor OR 1, L_00000000010b3db0, L_00000000010b41a0, C4<0>, C4<0>;
L_00000000010b3e90 .functor XOR 1, L_000000000095d1b0, L_000000000095dbc0, C4<0>, C4<0>;
L_00000000010b42f0 .functor XOR 1, L_000000000095d220, L_00000000010b4130, C4<0>, C4<0>;
L_00000000010b4050 .functor XOR 1, L_000000000095d530, L_00000000010b3a30, C4<0>, C4<0>;
L_00000000010b4360 .functor XOR 1, L_000000000095d290, L_00000000010b4280, C4<0>, C4<0>;
v000000000094ec50_0 .net "A", 3 0, L_000000000095a800;  1 drivers
v000000000094f8d0_0 .net "B", 3 0, L_000000000095b480;  1 drivers
v000000000094ed90_0 .net "S", 3 0, L_000000000095a9e0;  1 drivers
v000000000094ee30_0 .net *"_ivl_1", 0 0, L_000000000095b020;  1 drivers
v0000000000951c50_0 .net *"_ivl_100", 0 0, L_00000000010b46e0;  1 drivers
v00000000009505d0_0 .net *"_ivl_102", 0 0, L_00000000010b3f00;  1 drivers
v0000000000951750_0 .net *"_ivl_104", 0 0, L_00000000010b41a0;  1 drivers
v0000000000950350_0 .net *"_ivl_110", 0 0, L_00000000010b3e90;  1 drivers
v0000000000950710_0 .net *"_ivl_114", 0 0, L_00000000010b42f0;  1 drivers
v0000000000950670_0 .net *"_ivl_118", 0 0, L_00000000010b4050;  1 drivers
v0000000000951250_0 .net *"_ivl_123", 0 0, L_00000000010b4360;  1 drivers
v0000000000951cf0_0 .net *"_ivl_13", 0 0, L_0000000000958fa0;  1 drivers
v00000000009503f0_0 .net *"_ivl_15", 0 0, L_000000000095a8a0;  1 drivers
v0000000000950030_0 .net *"_ivl_19", 0 0, L_000000000095a120;  1 drivers
v0000000000951570_0 .net *"_ivl_21", 0 0, L_000000000095a940;  1 drivers
v0000000000950df0_0 .net *"_ivl_25", 0 0, L_000000000095b160;  1 drivers
v0000000000950e90_0 .net *"_ivl_27", 0 0, L_000000000095ab20;  1 drivers
v0000000000950d50_0 .net *"_ivl_3", 0 0, L_000000000095b0c0;  1 drivers
v00000000009500d0_0 .net *"_ivl_31", 0 0, L_000000000095aee0;  1 drivers
v00000000009507b0_0 .net *"_ivl_33", 0 0, L_0000000000959680;  1 drivers
v0000000000950f30_0 .net *"_ivl_37", 0 0, L_000000000095b520;  1 drivers
v00000000009516b0_0 .net *"_ivl_39", 0 0, L_0000000000959860;  1 drivers
v0000000000951070_0 .net *"_ivl_43", 0 0, L_000000000095a1c0;  1 drivers
v0000000000950490_0 .net *"_ivl_45", 0 0, L_000000000095abc0;  1 drivers
v0000000000950850_0 .net *"_ivl_48", 0 0, L_00000000010b3950;  1 drivers
v0000000000951ed0_0 .net *"_ivl_52", 0 0, L_00000000010b43d0;  1 drivers
v00000000009512f0_0 .net *"_ivl_54", 0 0, L_00000000010b4520;  1 drivers
v00000000009508f0_0 .net *"_ivl_56", 0 0, L_00000000010b39c0;  1 drivers
v0000000000950170_0 .net *"_ivl_58", 0 0, L_00000000010b3c60;  1 drivers
v0000000000951110_0 .net *"_ivl_62", 0 0, L_00000000010b4590;  1 drivers
v0000000000950990_0 .net *"_ivl_64", 0 0, L_00000000010b4210;  1 drivers
v0000000000951bb0_0 .net *"_ivl_66", 0 0, L_00000000010b3800;  1 drivers
v0000000000950210_0 .net *"_ivl_68", 0 0, L_00000000010b3b10;  1 drivers
v00000000009502b0_0 .net *"_ivl_7", 0 0, L_000000000095a300;  1 drivers
v0000000000950530_0 .net *"_ivl_70", 0 0, L_00000000010b3cd0;  1 drivers
v0000000000950a30_0 .net *"_ivl_72", 0 0, L_00000000010b38e0;  1 drivers
v0000000000950ad0_0 .net *"_ivl_74", 0 0, L_00000000010b4440;  1 drivers
v0000000000951390_0 .net *"_ivl_76", 0 0, L_00000000010b3e20;  1 drivers
v0000000000950b70_0 .net *"_ivl_80", 0 0, L_00000000010b44b0;  1 drivers
v0000000000950c10_0 .net *"_ivl_82", 0 0, L_00000000010b4600;  1 drivers
v0000000000951430_0 .net *"_ivl_84", 0 0, L_00000000010b3bf0;  1 drivers
v0000000000951e30_0 .net *"_ivl_86", 0 0, L_00000000010b40c0;  1 drivers
v0000000000950cb0_0 .net *"_ivl_88", 0 0, L_00000000010b3aa0;  1 drivers
v0000000000950fd0_0 .net *"_ivl_9", 0 0, L_0000000000959540;  1 drivers
v00000000009519d0_0 .net *"_ivl_90", 0 0, L_00000000010b3b80;  1 drivers
v00000000009514d0_0 .net *"_ivl_92", 0 0, L_00000000010b3d40;  1 drivers
v00000000009511b0_0 .net *"_ivl_94", 0 0, L_00000000010b3fe0;  1 drivers
v0000000000951610_0 .net *"_ivl_96", 0 0, L_00000000010b3db0;  1 drivers
v00000000009517f0_0 .net *"_ivl_98", 0 0, L_00000000010b4670;  1 drivers
v0000000000951890_0 .net "c1", 0 0, L_00000000010b4130;  1 drivers
v0000000000951930_0 .net "c2", 0 0, L_00000000010b3a30;  1 drivers
v0000000000951a70_0 .net "c3", 0 0, L_00000000010b4280;  1 drivers
v0000000000951b10_0 .net "cin", 0 0, L_000000000095dbc0;  alias, 1 drivers
v0000000000951d90_0 .net "cout", 0 0, L_00000000010b3870;  alias, 1 drivers
v0000000000952b50_0 .net "g0", 0 0, L_000000000095d990;  1 drivers
v0000000000953ff0_0 .net "g1", 0 0, L_000000000095d450;  1 drivers
v0000000000953c30_0 .net "g2", 0 0, L_000000000095d300;  1 drivers
v0000000000952d30_0 .net "g3", 0 0, L_000000000095d610;  1 drivers
v0000000000953a50_0 .net "p0", 0 0, L_000000000095d1b0;  1 drivers
v0000000000952790_0 .net "p1", 0 0, L_000000000095d220;  1 drivers
v0000000000952c90_0 .net "p2", 0 0, L_000000000095d530;  1 drivers
v0000000000953af0_0 .net "p3", 0 0, L_000000000095d290;  1 drivers
L_000000000095b020 .part L_000000000095a800, 0, 1;
L_000000000095b0c0 .part L_000000000095b480, 0, 1;
L_000000000095a300 .part L_000000000095a800, 1, 1;
L_0000000000959540 .part L_000000000095b480, 1, 1;
L_0000000000958fa0 .part L_000000000095a800, 2, 1;
L_000000000095a8a0 .part L_000000000095b480, 2, 1;
L_000000000095a120 .part L_000000000095a800, 3, 1;
L_000000000095a940 .part L_000000000095b480, 3, 1;
L_000000000095b160 .part L_000000000095a800, 0, 1;
L_000000000095ab20 .part L_000000000095b480, 0, 1;
L_000000000095aee0 .part L_000000000095a800, 1, 1;
L_0000000000959680 .part L_000000000095b480, 1, 1;
L_000000000095b520 .part L_000000000095a800, 2, 1;
L_0000000000959860 .part L_000000000095b480, 2, 1;
L_000000000095a1c0 .part L_000000000095a800, 3, 1;
L_000000000095abc0 .part L_000000000095b480, 3, 1;
L_000000000095a9e0 .concat8 [ 1 1 1 1], L_00000000010b3e90, L_00000000010b42f0, L_00000000010b4050, L_00000000010b4360;
S_0000000000954610 .scope module, "A2" "adder4" 3 14, 4 1 0, S_00000000008b0910;
 .timescale 0 0;
    .port_info 0 /OUTPUT 4 "S";
    .port_info 1 /OUTPUT 1 "cout";
    .port_info 2 /INPUT 4 "A";
    .port_info 3 /INPUT 4 "B";
    .port_info 4 /INPUT 1 "cin";
L_000000000095deb0 .functor XOR 1, L_000000000095af80, L_0000000000959ea0, C4<0>, C4<0>;
L_000000000095ebd0 .functor XOR 1, L_000000000095a3a0, L_000000000095b200, C4<0>, C4<0>;
L_000000000095df90 .functor XOR 1, L_0000000000959900, L_0000000000959ae0, C4<0>, C4<0>;
L_000000000095e150 .functor XOR 1, L_0000000000959cc0, L_000000000095ac60, C4<0>, C4<0>;
L_000000000095e540 .functor AND 1, L_0000000000958dc0, L_000000000095a6c0, C4<1>, C4<1>;
L_000000000095e380 .functor AND 1, L_000000000095a440, L_00000000009599a0, C4<1>, C4<1>;
L_000000000095df20 .functor AND 1, L_0000000000959360, L_000000000095b340, C4<1>, C4<1>;
L_000000000095e310 .functor AND 1, L_000000000095a4e0, L_000000000095a760, C4<1>, C4<1>;
L_000000000095e7e0 .functor AND 1, L_000000000095deb0, L_00000000010b3870, C4<1>, C4<1>;
L_000000000095e1c0 .functor OR 1, L_000000000095e540, L_000000000095e7e0, C4<0>, C4<0>;
L_000000000095de40 .functor AND 1, L_000000000095ebd0, L_000000000095e540, C4<1>, C4<1>;
L_000000000095ea80 .functor OR 1, L_000000000095e380, L_000000000095de40, C4<0>, C4<0>;
L_000000000095e0e0 .functor AND 1, L_000000000095ebd0, L_000000000095deb0, C4<1>, C4<1>;
L_000000000095ec40 .functor AND 1, L_000000000095e0e0, L_00000000010b3870, C4<1>, C4<1>;
L_000000000095e3f0 .functor OR 1, L_000000000095ea80, L_000000000095ec40, C4<0>, C4<0>;
L_000000000095ecb0 .functor AND 1, L_000000000095df90, L_000000000095e380, C4<1>, C4<1>;
L_000000000095e8c0 .functor OR 1, L_000000000095df20, L_000000000095ecb0, C4<0>, C4<0>;
L_000000000095ddd0 .functor AND 1, L_000000000095df90, L_000000000095ebd0, C4<1>, C4<1>;
L_000000000095e930 .functor AND 1, L_000000000095ddd0, L_000000000095e540, C4<1>, C4<1>;
L_000000000095e000 .functor OR 1, L_000000000095e8c0, L_000000000095e930, C4<0>, C4<0>;
L_000000000095e9a0 .functor AND 1, L_000000000095df90, L_000000000095ebd0, C4<1>, C4<1>;
L_000000000095e690 .functor AND 1, L_000000000095e9a0, L_000000000095deb0, C4<1>, C4<1>;
L_000000000095e070 .functor AND 1, L_000000000095e690, L_00000000010b3870, C4<1>, C4<1>;
L_000000000095e230 .functor OR 1, L_000000000095e000, L_000000000095e070, C4<0>, C4<0>;
L_000000000095e2a0 .functor AND 1, L_000000000095e150, L_000000000095df20, C4<1>, C4<1>;
L_000000000095e5b0 .functor OR 1, L_000000000095e310, L_000000000095e2a0, C4<0>, C4<0>;
L_000000000095e460 .functor AND 1, L_000000000095e150, L_000000000095df90, C4<1>, C4<1>;
L_000000000095e4d0 .functor AND 1, L_000000000095e460, L_000000000095e380, C4<1>, C4<1>;
L_000000000095eb60 .functor OR 1, L_000000000095e5b0, L_000000000095e4d0, C4<0>, C4<0>;
L_000000000095e620 .functor AND 1, L_000000000095e150, L_000000000095df90, C4<1>, C4<1>;
L_000000000095e700 .functor AND 1, L_000000000095e620, L_000000000095ebd0, C4<1>, C4<1>;
L_000000000095e770 .functor AND 1, L_000000000095e700, L_000000000095e540, C4<1>, C4<1>;
L_000000000095ea10 .functor OR 1, L_000000000095eb60, L_000000000095e770, C4<0>, C4<0>;
L_000000000095eaf0 .functor AND 1, L_000000000095e150, L_000000000095df90, C4<1>, C4<1>;
L_00000000010b3f70 .functor AND 1, L_000000000095eaf0, L_000000000095ebd0, C4<1>, C4<1>;
L_00000000010b7270 .functor AND 1, L_00000000010b3f70, L_000000000095deb0, C4<1>, C4<1>;
L_00000000010b6470 .functor AND 1, L_00000000010b7270, L_00000000010b3870, C4<1>, C4<1>;
L_00000000010b6cc0 .functor OR 1, L_000000000095ea10, L_00000000010b6470, C4<0>, C4<0>;
L_00000000010b7040 .functor XOR 1, L_000000000095deb0, L_00000000010b3870, C4<0>, C4<0>;
L_00000000010b75f0 .functor XOR 1, L_000000000095ebd0, L_000000000095e1c0, C4<0>, C4<0>;
L_00000000010b70b0 .functor XOR 1, L_000000000095df90, L_000000000095e3f0, C4<0>, C4<0>;
L_00000000010b79e0 .functor XOR 1, L_000000000095e150, L_000000000095e230, C4<0>, C4<0>;
v0000000000953b90_0 .net "A", 3 0, L_000000000095b2a0;  1 drivers
v00000000009544f0_0 .net "B", 3 0, L_000000000095b3e0;  1 drivers
v0000000000953370_0 .net "S", 3 0, L_000000000095a620;  1 drivers
v0000000000952830_0 .net *"_ivl_1", 0 0, L_000000000095af80;  1 drivers
v0000000000953cd0_0 .net *"_ivl_100", 0 0, L_00000000010b3f70;  1 drivers
v0000000000953d70_0 .net *"_ivl_102", 0 0, L_00000000010b7270;  1 drivers
v0000000000954090_0 .net *"_ivl_104", 0 0, L_00000000010b6470;  1 drivers
v0000000000952dd0_0 .net *"_ivl_110", 0 0, L_00000000010b7040;  1 drivers
v00000000009537d0_0 .net *"_ivl_114", 0 0, L_00000000010b75f0;  1 drivers
v0000000000952e70_0 .net *"_ivl_118", 0 0, L_00000000010b70b0;  1 drivers
v0000000000953050_0 .net *"_ivl_123", 0 0, L_00000000010b79e0;  1 drivers
v0000000000953690_0 .net *"_ivl_13", 0 0, L_0000000000959900;  1 drivers
v0000000000954270_0 .net *"_ivl_15", 0 0, L_0000000000959ae0;  1 drivers
v0000000000953eb0_0 .net *"_ivl_19", 0 0, L_0000000000959cc0;  1 drivers
v0000000000953e10_0 .net *"_ivl_21", 0 0, L_000000000095ac60;  1 drivers
v0000000000954450_0 .net *"_ivl_25", 0 0, L_0000000000958dc0;  1 drivers
v00000000009530f0_0 .net *"_ivl_27", 0 0, L_000000000095a6c0;  1 drivers
v00000000009539b0_0 .net *"_ivl_3", 0 0, L_0000000000959ea0;  1 drivers
v0000000000952f10_0 .net *"_ivl_31", 0 0, L_000000000095a440;  1 drivers
v0000000000953f50_0 .net *"_ivl_33", 0 0, L_00000000009599a0;  1 drivers
v00000000009534b0_0 .net *"_ivl_37", 0 0, L_0000000000959360;  1 drivers
v0000000000953230_0 .net *"_ivl_39", 0 0, L_000000000095b340;  1 drivers
v0000000000952fb0_0 .net *"_ivl_43", 0 0, L_000000000095a4e0;  1 drivers
v0000000000954130_0 .net *"_ivl_45", 0 0, L_000000000095a760;  1 drivers
v0000000000953190_0 .net *"_ivl_48", 0 0, L_000000000095e7e0;  1 drivers
v00000000009528d0_0 .net *"_ivl_52", 0 0, L_000000000095de40;  1 drivers
v0000000000952ab0_0 .net *"_ivl_54", 0 0, L_000000000095ea80;  1 drivers
v0000000000954310_0 .net *"_ivl_56", 0 0, L_000000000095e0e0;  1 drivers
v00000000009532d0_0 .net *"_ivl_58", 0 0, L_000000000095ec40;  1 drivers
v00000000009541d0_0 .net *"_ivl_62", 0 0, L_000000000095ecb0;  1 drivers
v0000000000952650_0 .net *"_ivl_64", 0 0, L_000000000095e8c0;  1 drivers
v0000000000953410_0 .net *"_ivl_66", 0 0, L_000000000095ddd0;  1 drivers
v0000000000953730_0 .net *"_ivl_68", 0 0, L_000000000095e930;  1 drivers
v00000000009543b0_0 .net *"_ivl_7", 0 0, L_000000000095a3a0;  1 drivers
v0000000000953870_0 .net *"_ivl_70", 0 0, L_000000000095e000;  1 drivers
v00000000009526f0_0 .net *"_ivl_72", 0 0, L_000000000095e9a0;  1 drivers
v0000000000953550_0 .net *"_ivl_74", 0 0, L_000000000095e690;  1 drivers
v0000000000953910_0 .net *"_ivl_76", 0 0, L_000000000095e070;  1 drivers
v0000000000952970_0 .net *"_ivl_80", 0 0, L_000000000095e2a0;  1 drivers
v0000000000952a10_0 .net *"_ivl_82", 0 0, L_000000000095e5b0;  1 drivers
v0000000000952bf0_0 .net *"_ivl_84", 0 0, L_000000000095e460;  1 drivers
v00000000009535f0_0 .net *"_ivl_86", 0 0, L_000000000095e4d0;  1 drivers
v0000000000956f90_0 .net *"_ivl_88", 0 0, L_000000000095eb60;  1 drivers
v0000000000956090_0 .net *"_ivl_9", 0 0, L_000000000095b200;  1 drivers
v0000000000954e70_0 .net *"_ivl_90", 0 0, L_000000000095e620;  1 drivers
v0000000000956d10_0 .net *"_ivl_92", 0 0, L_000000000095e700;  1 drivers
v0000000000957030_0 .net *"_ivl_94", 0 0, L_000000000095e770;  1 drivers
v0000000000956310_0 .net *"_ivl_96", 0 0, L_000000000095ea10;  1 drivers
v0000000000956770_0 .net *"_ivl_98", 0 0, L_000000000095eaf0;  1 drivers
v0000000000956810_0 .net "c1", 0 0, L_000000000095e1c0;  1 drivers
v0000000000956450_0 .net "c2", 0 0, L_000000000095e3f0;  1 drivers
v00000000009570d0_0 .net "c3", 0 0, L_000000000095e230;  1 drivers
v0000000000955050_0 .net "cin", 0 0, L_00000000010b3870;  alias, 1 drivers
v0000000000955730_0 .net "cout", 0 0, L_00000000010b6cc0;  alias, 1 drivers
v0000000000955eb0_0 .net "g0", 0 0, L_000000000095e540;  1 drivers
v00000000009561d0_0 .net "g1", 0 0, L_000000000095e380;  1 drivers
v0000000000956c70_0 .net "g2", 0 0, L_000000000095df20;  1 drivers
v00000000009568b0_0 .net "g3", 0 0, L_000000000095e310;  1 drivers
v0000000000956e50_0 .net "p0", 0 0, L_000000000095deb0;  1 drivers
v0000000000956db0_0 .net "p1", 0 0, L_000000000095ebd0;  1 drivers
v0000000000955190_0 .net "p2", 0 0, L_000000000095df90;  1 drivers
v00000000009557d0_0 .net "p3", 0 0, L_000000000095e150;  1 drivers
L_000000000095af80 .part L_000000000095b2a0, 0, 1;
L_0000000000959ea0 .part L_000000000095b3e0, 0, 1;
L_000000000095a3a0 .part L_000000000095b2a0, 1, 1;
L_000000000095b200 .part L_000000000095b3e0, 1, 1;
L_0000000000959900 .part L_000000000095b2a0, 2, 1;
L_0000000000959ae0 .part L_000000000095b3e0, 2, 1;
L_0000000000959cc0 .part L_000000000095b2a0, 3, 1;
L_000000000095ac60 .part L_000000000095b3e0, 3, 1;
L_0000000000958dc0 .part L_000000000095b2a0, 0, 1;
L_000000000095a6c0 .part L_000000000095b3e0, 0, 1;
L_000000000095a440 .part L_000000000095b2a0, 1, 1;
L_00000000009599a0 .part L_000000000095b3e0, 1, 1;
L_0000000000959360 .part L_000000000095b2a0, 2, 1;
L_000000000095b340 .part L_000000000095b3e0, 2, 1;
L_000000000095a4e0 .part L_000000000095b2a0, 3, 1;
L_000000000095a760 .part L_000000000095b3e0, 3, 1;
L_000000000095a620 .concat8 [ 1 1 1 1], L_00000000010b7040, L_00000000010b75f0, L_00000000010b70b0, L_00000000010b79e0;
S_00000000009589c0 .scope module, "A3" "adder4" 3 15, 4 1 0, S_00000000008b0910;
 .timescale 0 0;
    .port_info 0 /OUTPUT 4 "S";
    .port_info 1 /OUTPUT 1 "cout";
    .port_info 2 /INPUT 4 "A";
    .port_info 3 /INPUT 4 "B";
    .port_info 4 /INPUT 1 "cin";
L_00000000010b6e80 .functor XOR 1, L_0000000000959d60, L_000000000095aa80, C4<0>, C4<0>;
L_00000000010b64e0 .functor XOR 1, L_000000000095ad00, L_0000000000959720, C4<0>, C4<0>;
L_00000000010b5fa0 .functor XOR 1, L_0000000000958e60, L_0000000000959220, C4<0>, C4<0>;
L_00000000010b7820 .functor XOR 1, L_0000000000958f00, L_000000000095ae40, C4<0>, C4<0>;
L_00000000010b6e10 .functor AND 1, L_0000000000959040, L_000000000095ada0, C4<1>, C4<1>;
L_00000000010b6ef0 .functor AND 1, L_00000000009590e0, L_00000000009597c0, C4<1>, C4<1>;
L_00000000010b62b0 .functor AND 1, L_0000000000959180, L_0000000000959fe0, C4<1>, C4<1>;
L_00000000010b7a50 .functor AND 1, L_00000000009592c0, L_0000000000959400, C4<1>, C4<1>;
L_00000000010b6780 .functor AND 1, L_00000000010b6e80, L_00000000010b6cc0, C4<1>, C4<1>;
L_00000000010b5f30 .functor OR 1, L_00000000010b6e10, L_00000000010b6780, C4<0>, C4<0>;
L_00000000010b7970 .functor AND 1, L_00000000010b64e0, L_00000000010b6e10, C4<1>, C4<1>;
L_00000000010b6550 .functor OR 1, L_00000000010b6ef0, L_00000000010b7970, C4<0>, C4<0>;
L_00000000010b6320 .functor AND 1, L_00000000010b64e0, L_00000000010b6e80, C4<1>, C4<1>;
L_00000000010b6a20 .functor AND 1, L_00000000010b6320, L_00000000010b6cc0, C4<1>, C4<1>;
L_00000000010b72e0 .functor OR 1, L_00000000010b6550, L_00000000010b6a20, C4<0>, C4<0>;
L_00000000010b67f0 .functor AND 1, L_00000000010b5fa0, L_00000000010b6ef0, C4<1>, C4<1>;
L_00000000010b60f0 .functor OR 1, L_00000000010b62b0, L_00000000010b67f0, C4<0>, C4<0>;
L_00000000010b7120 .functor AND 1, L_00000000010b5fa0, L_00000000010b64e0, C4<1>, C4<1>;
L_00000000010b7900 .functor AND 1, L_00000000010b7120, L_00000000010b6e10, C4<1>, C4<1>;
L_00000000010b7660 .functor OR 1, L_00000000010b60f0, L_00000000010b7900, C4<0>, C4<0>;
L_00000000010b7740 .functor AND 1, L_00000000010b5fa0, L_00000000010b64e0, C4<1>, C4<1>;
L_00000000010b7890 .functor AND 1, L_00000000010b7740, L_00000000010b6e80, C4<1>, C4<1>;
L_00000000010b6a90 .functor AND 1, L_00000000010b7890, L_00000000010b6cc0, C4<1>, C4<1>;
L_00000000010b6fd0 .functor OR 1, L_00000000010b7660, L_00000000010b6a90, C4<0>, C4<0>;
L_00000000010b6f60 .functor AND 1, L_00000000010b7820, L_00000000010b62b0, C4<1>, C4<1>;
L_00000000010b6390 .functor OR 1, L_00000000010b7a50, L_00000000010b6f60, C4<0>, C4<0>;
L_00000000010b7ac0 .functor AND 1, L_00000000010b7820, L_00000000010b5fa0, C4<1>, C4<1>;
L_00000000010b6240 .functor AND 1, L_00000000010b7ac0, L_00000000010b6ef0, C4<1>, C4<1>;
L_00000000010b6b00 .functor OR 1, L_00000000010b6390, L_00000000010b6240, C4<0>, C4<0>;
L_00000000010b6010 .functor AND 1, L_00000000010b7820, L_00000000010b5fa0, C4<1>, C4<1>;
L_00000000010b65c0 .functor AND 1, L_00000000010b6010, L_00000000010b64e0, C4<1>, C4<1>;
L_00000000010b6080 .functor AND 1, L_00000000010b65c0, L_00000000010b6e10, C4<1>, C4<1>;
L_00000000010b6160 .functor OR 1, L_00000000010b6b00, L_00000000010b6080, C4<0>, C4<0>;
L_00000000010b7350 .functor AND 1, L_00000000010b7820, L_00000000010b5fa0, C4<1>, C4<1>;
L_00000000010b6d30 .functor AND 1, L_00000000010b7350, L_00000000010b64e0, C4<1>, C4<1>;
L_00000000010b69b0 .functor AND 1, L_00000000010b6d30, L_00000000010b6e80, C4<1>, C4<1>;
L_00000000010b7190 .functor AND 1, L_00000000010b69b0, L_00000000010b6cc0, C4<1>, C4<1>;
L_00000000010b7200 .functor OR 1, L_00000000010b6160, L_00000000010b7190, C4<0>, C4<0>;
L_00000000010b73c0 .functor XOR 1, L_00000000010b6e80, L_00000000010b6cc0, C4<0>, C4<0>;
L_00000000010b6400 .functor XOR 1, L_00000000010b64e0, L_00000000010b5f30, C4<0>, C4<0>;
L_00000000010b61d0 .functor XOR 1, L_00000000010b5fa0, L_00000000010b72e0, C4<0>, C4<0>;
L_00000000010b6630 .functor XOR 1, L_00000000010b7820, L_00000000010b6fd0, C4<0>, C4<0>;
v0000000000955230_0 .net "A", 3 0, L_0000000000959a40;  1 drivers
v0000000000954bf0_0 .net "B", 3 0, L_0000000000959c20;  1 drivers
v0000000000956270_0 .net "S", 3 0, L_00000000009595e0;  1 drivers
v0000000000954ab0_0 .net *"_ivl_1", 0 0, L_0000000000959d60;  1 drivers
v00000000009564f0_0 .net *"_ivl_100", 0 0, L_00000000010b6d30;  1 drivers
v00000000009550f0_0 .net *"_ivl_102", 0 0, L_00000000010b69b0;  1 drivers
v00000000009563b0_0 .net *"_ivl_104", 0 0, L_00000000010b7190;  1 drivers
v0000000000956590_0 .net *"_ivl_110", 0 0, L_00000000010b73c0;  1 drivers
v0000000000956ef0_0 .net *"_ivl_114", 0 0, L_00000000010b6400;  1 drivers
v0000000000956630_0 .net *"_ivl_118", 0 0, L_00000000010b61d0;  1 drivers
v0000000000955870_0 .net *"_ivl_123", 0 0, L_00000000010b6630;  1 drivers
v0000000000955af0_0 .net *"_ivl_13", 0 0, L_0000000000958e60;  1 drivers
v00000000009552d0_0 .net *"_ivl_15", 0 0, L_0000000000959220;  1 drivers
v00000000009554b0_0 .net *"_ivl_19", 0 0, L_0000000000958f00;  1 drivers
v0000000000956130_0 .net *"_ivl_21", 0 0, L_000000000095ae40;  1 drivers
v0000000000957170_0 .net *"_ivl_25", 0 0, L_0000000000959040;  1 drivers
v0000000000956bd0_0 .net *"_ivl_27", 0 0, L_000000000095ada0;  1 drivers
v0000000000954a10_0 .net *"_ivl_3", 0 0, L_000000000095aa80;  1 drivers
v00000000009566d0_0 .net *"_ivl_31", 0 0, L_00000000009590e0;  1 drivers
v0000000000955f50_0 .net *"_ivl_33", 0 0, L_00000000009597c0;  1 drivers
v0000000000954b50_0 .net *"_ivl_37", 0 0, L_0000000000959180;  1 drivers
v0000000000956b30_0 .net *"_ivl_39", 0 0, L_0000000000959fe0;  1 drivers
v0000000000954f10_0 .net *"_ivl_43", 0 0, L_00000000009592c0;  1 drivers
v0000000000956950_0 .net *"_ivl_45", 0 0, L_0000000000959400;  1 drivers
v00000000009569f0_0 .net *"_ivl_48", 0 0, L_00000000010b6780;  1 drivers
v0000000000956a90_0 .net *"_ivl_52", 0 0, L_00000000010b7970;  1 drivers
v0000000000954c90_0 .net *"_ivl_54", 0 0, L_00000000010b6550;  1 drivers
v0000000000954d30_0 .net *"_ivl_56", 0 0, L_00000000010b6320;  1 drivers
v0000000000954dd0_0 .net *"_ivl_58", 0 0, L_00000000010b6a20;  1 drivers
v0000000000954fb0_0 .net *"_ivl_62", 0 0, L_00000000010b67f0;  1 drivers
v0000000000955370_0 .net *"_ivl_64", 0 0, L_00000000010b60f0;  1 drivers
v0000000000955910_0 .net *"_ivl_66", 0 0, L_00000000010b7120;  1 drivers
v0000000000955c30_0 .net *"_ivl_68", 0 0, L_00000000010b7900;  1 drivers
v0000000000955410_0 .net *"_ivl_7", 0 0, L_000000000095ad00;  1 drivers
v0000000000955550_0 .net *"_ivl_70", 0 0, L_00000000010b7660;  1 drivers
v0000000000955ff0_0 .net *"_ivl_72", 0 0, L_00000000010b7740;  1 drivers
v00000000009555f0_0 .net *"_ivl_74", 0 0, L_00000000010b7890;  1 drivers
v0000000000955690_0 .net *"_ivl_76", 0 0, L_00000000010b6a90;  1 drivers
v00000000009559b0_0 .net *"_ivl_80", 0 0, L_00000000010b6f60;  1 drivers
v0000000000955a50_0 .net *"_ivl_82", 0 0, L_00000000010b6390;  1 drivers
v0000000000955b90_0 .net *"_ivl_84", 0 0, L_00000000010b7ac0;  1 drivers
v0000000000955cd0_0 .net *"_ivl_86", 0 0, L_00000000010b6240;  1 drivers
v0000000000955d70_0 .net *"_ivl_88", 0 0, L_00000000010b6b00;  1 drivers
v0000000000955e10_0 .net *"_ivl_9", 0 0, L_0000000000959720;  1 drivers
v0000000000958110_0 .net *"_ivl_90", 0 0, L_00000000010b6010;  1 drivers
v00000000009582f0_0 .net *"_ivl_92", 0 0, L_00000000010b65c0;  1 drivers
v00000000009573f0_0 .net *"_ivl_94", 0 0, L_00000000010b6080;  1 drivers
v00000000009581b0_0 .net *"_ivl_96", 0 0, L_00000000010b6160;  1 drivers
v0000000000958250_0 .net *"_ivl_98", 0 0, L_00000000010b7350;  1 drivers
v0000000000957b70_0 .net "c1", 0 0, L_00000000010b5f30;  1 drivers
v0000000000958390_0 .net "c2", 0 0, L_00000000010b72e0;  1 drivers
v0000000000957d50_0 .net "c3", 0 0, L_00000000010b6fd0;  1 drivers
v0000000000957fd0_0 .net "cin", 0 0, L_00000000010b6cc0;  alias, 1 drivers
v0000000000957ad0_0 .net "cout", 0 0, L_00000000010b7200;  alias, 1 drivers
v0000000000957f30_0 .net "g0", 0 0, L_00000000010b6e10;  1 drivers
v0000000000957cb0_0 .net "g1", 0 0, L_00000000010b6ef0;  1 drivers
v0000000000958610_0 .net "g2", 0 0, L_00000000010b62b0;  1 drivers
v0000000000957c10_0 .net "g3", 0 0, L_00000000010b7a50;  1 drivers
v00000000009586b0_0 .net "p0", 0 0, L_00000000010b6e80;  1 drivers
v0000000000957490_0 .net "p1", 0 0, L_00000000010b64e0;  1 drivers
v0000000000958430_0 .net "p2", 0 0, L_00000000010b5fa0;  1 drivers
v00000000009578f0_0 .net "p3", 0 0, L_00000000010b7820;  1 drivers
L_0000000000959d60 .part L_0000000000959a40, 0, 1;
L_000000000095aa80 .part L_0000000000959c20, 0, 1;
L_000000000095ad00 .part L_0000000000959a40, 1, 1;
L_0000000000959720 .part L_0000000000959c20, 1, 1;
L_0000000000958e60 .part L_0000000000959a40, 2, 1;
L_0000000000959220 .part L_0000000000959c20, 2, 1;
L_0000000000958f00 .part L_0000000000959a40, 3, 1;
L_000000000095ae40 .part L_0000000000959c20, 3, 1;
L_0000000000959040 .part L_0000000000959a40, 0, 1;
L_000000000095ada0 .part L_0000000000959c20, 0, 1;
L_00000000009590e0 .part L_0000000000959a40, 1, 1;
L_00000000009597c0 .part L_0000000000959c20, 1, 1;
L_0000000000959180 .part L_0000000000959a40, 2, 1;
L_0000000000959fe0 .part L_0000000000959c20, 2, 1;
L_00000000009592c0 .part L_0000000000959a40, 3, 1;
L_0000000000959400 .part L_0000000000959c20, 3, 1;
L_00000000009595e0 .concat8 [ 1 1 1 1], L_00000000010b73c0, L_00000000010b6400, L_00000000010b61d0, L_00000000010b6630;
    .scope S_00000000008b0780;
T_0 ;
    %vpi_call 2 6 "$dumpfile", "alu.cd" {0 0 0};
    %vpi_call 2 6 "$dumpvars", 32'sb00000000000000000000000000000000, S_00000000008b0780 {0 0 0};
    %vpi_call 2 7 "$monitor", $time, "X = %h, Y = %h, Z = %h, Si = %b, Ze = %b, Ca = %b, Pa = %b, Ovf = %b", v000000000095c380_0, v000000000095c9c0_0, v000000000095b8e0_0, v000000000095bac0_0, v000000000095b700_0, v000000000095ca60_0, v000000000095bde0_0, v000000000095ba20_0 {0 0 0};
    %delay 5, 0;
    %pushi/vec4 36863, 0, 16;
    %store/vec4 v000000000095c380_0, 0, 16;
    %pushi/vec4 32768, 0, 16;
    %store/vec4 v000000000095c9c0_0, 0, 16;
    %delay 5, 0;
    %pushi/vec4 65534, 0, 16;
    %store/vec4 v000000000095c380_0, 0, 16;
    %pushi/vec4 2, 0, 16;
    %store/vec4 v000000000095c9c0_0, 0, 16;
    %delay 5, 0;
    %pushi/vec4 43690, 0, 16;
    %store/vec4 v000000000095c380_0, 0, 16;
    %pushi/vec4 21845, 0, 16;
    %store/vec4 v000000000095c9c0_0, 0, 16;
    %delay 5, 0;
    %vpi_call 2 11 "$finish" {0 0 0};
    %end;
    .thread T_0;
# The file index is used to find the file name in the following table.
:file_names 5;
    "N/A";
    "<interactive>";
    "test_bench.v";
    "parent.v";
    "child.v";
