#! /c/iverilog/bin/vvp
:ivl_version "12.0 (devel)" "(s20150603-965-g55e06db6)";
:ivl_delay_selection "TYPICAL";
:vpi_time_precision + 0;
:vpi_module "C:\iverilog\lib\ivl\system.vpi";
:vpi_module "C:\iverilog\lib\ivl\vhdl_sys.vpi";
:vpi_module "C:\iverilog\lib\ivl\vhdl_textio.vpi";
:vpi_module "C:\iverilog\lib\ivl\v2005_math.vpi";
:vpi_module "C:\iverilog\lib\ivl\va_math.vpi";
S_0000000000fc6540 .scope module, "alutest" "alutest" 2 1;
 .timescale 0 0;
v0000000001020110_0 .net "Ca", 0 0, L_000000000106b8c0;  1 drivers
v000000000101f2b0_0 .net "Ovf", 0 0, L_0000000000fc4680;  1 drivers
v000000000101ff30_0 .net "Pa", 0 0, L_0000000001020390;  1 drivers
v000000000101ffd0_0 .net "Si", 0 0, L_0000000001020070;  1 drivers
v000000000101f5d0_0 .var "X", 15 0;
v00000000010201b0_0 .var "Y", 15 0;
v000000000101f710_0 .net "Z", 15 0, L_000000000106bfa0;  1 drivers
v000000000101f3f0_0 .net "Ze", 0 0, L_0000000001020930;  1 drivers
S_0000000000fc66d0 .scope module, "DUT" "ALU" 2 3, 3 1 0, S_0000000000fc6540;
 .timescale 0 0;
    .port_info 0 /INPUT 16 "X";
    .port_info 1 /INPUT 16 "Y";
    .port_info 2 /OUTPUT 16 "Z";
    .port_info 3 /OUTPUT 1 "Sign";
    .port_info 4 /OUTPUT 1 "Zero";
    .port_info 5 /OUTPUT 1 "Carry";
    .port_info 6 /OUTPUT 1 "Parity";
    .port_info 7 /OUTPUT 1 "Overflow";
L_0000000000fc41b0 .functor AND 1, L_000000000101f850, L_0000000001020430, C4<1>, C4<1>;
L_0000000000fc4920 .functor NOT 1, L_00000000010204d0, C4<0>, C4<0>, C4<0>;
L_0000000000fc4990 .functor AND 1, L_0000000000fc41b0, L_0000000000fc4920, C4<1>, C4<1>;
L_0000000000fc4300 .functor NOT 1, L_0000000001020570, C4<0>, C4<0>, C4<0>;
L_0000000000fc4220 .functor NOT 1, L_0000000001020610, C4<0>, C4<0>, C4<0>;
L_0000000000fc44c0 .functor AND 1, L_0000000000fc4300, L_0000000000fc4220, C4<1>, C4<1>;
L_0000000000fc4df0 .functor AND 1, L_0000000000fc44c0, L_0000000001020750, C4<1>, C4<1>;
L_0000000000fc4680 .functor OR 1, L_0000000000fc4990, L_0000000000fc4df0, C4<0>, C4<0>;
v000000000101f670_0 .net "Carry", 0 0, L_000000000106b8c0;  alias, 1 drivers
v0000000001020ed0_0 .net "Overflow", 0 0, L_0000000000fc4680;  alias, 1 drivers
v00000000010202f0_0 .net "Parity", 0 0, L_0000000001020390;  alias, 1 drivers
v000000000101f8f0_0 .net "Sign", 0 0, L_0000000001020070;  alias, 1 drivers
v000000000101fb70_0 .net "X", 15 0, v000000000101f5d0_0;  1 drivers
v000000000101fc10_0 .net "Y", 15 0, v00000000010201b0_0;  1 drivers
v000000000101fdf0_0 .net "Z", 15 0, L_000000000106bfa0;  alias, 1 drivers
v0000000001021150_0 .net "Zero", 0 0, L_0000000001020930;  alias, 1 drivers
v0000000001020cf0_0 .net *"_ivl_10", 0 0, L_0000000000fc41b0;  1 drivers
v000000000101f350_0 .net *"_ivl_13", 0 0, L_00000000010204d0;  1 drivers
v0000000001020d90_0 .net *"_ivl_14", 0 0, L_0000000000fc4920;  1 drivers
v00000000010209d0_0 .net *"_ivl_16", 0 0, L_0000000000fc4990;  1 drivers
v000000000101fcb0_0 .net *"_ivl_19", 0 0, L_0000000001020570;  1 drivers
v000000000101f530_0 .net *"_ivl_20", 0 0, L_0000000000fc4300;  1 drivers
v00000000010206b0_0 .net *"_ivl_23", 0 0, L_0000000001020610;  1 drivers
v000000000101fad0_0 .net *"_ivl_24", 0 0, L_0000000000fc4220;  1 drivers
v0000000001020890_0 .net *"_ivl_26", 0 0, L_0000000000fc44c0;  1 drivers
v0000000001020f70_0 .net *"_ivl_29", 0 0, L_0000000001020750;  1 drivers
v00000000010210b0_0 .net *"_ivl_30", 0 0, L_0000000000fc4df0;  1 drivers
v0000000001021010_0 .net *"_ivl_7", 0 0, L_000000000101f850;  1 drivers
v000000000101fe90_0 .net *"_ivl_9", 0 0, L_0000000001020430;  1 drivers
v000000000101f490 .array "c", 1 3;
v000000000101f490_0 .net v000000000101f490 0, 0 0, L_0000000001020a70; 1 drivers
v000000000101f490_1 .net v000000000101f490 1, 0 0, L_000000000106aa60; 1 drivers
v000000000101f490_2 .net v000000000101f490 2, 0 0, L_000000000106b500; 1 drivers
L_0000000001020070 .part L_000000000106bfa0, 15, 1;
L_0000000001020930 .reduce/nor L_000000000106bfa0;
L_0000000001020390 .reduce/xor L_000000000106bfa0;
L_000000000101f850 .part v000000000101f5d0_0, 15, 1;
L_0000000001020430 .part v00000000010201b0_0, 15, 1;
L_00000000010204d0 .part L_000000000106bfa0, 15, 1;
L_0000000001020570 .part v000000000101f5d0_0, 15, 1;
L_0000000001020610 .part v00000000010201b0_0, 15, 1;
L_0000000001020750 .part L_000000000106bfa0, 15, 1;
L_000000000106b280 .part v000000000101f5d0_0, 0, 4;
L_000000000106ba00 .part v00000000010201b0_0, 0, 4;
L_000000000106ab00 .part v000000000101f5d0_0, 4, 4;
L_000000000106ad80 .part v00000000010201b0_0, 4, 4;
L_000000000106ace0 .part v000000000101f5d0_0, 8, 4;
L_000000000106bb40 .part v00000000010201b0_0, 8, 4;
L_000000000106bfa0 .concat8 [ 4 4 4 4], L_0000000001020b10, L_000000000106b780, L_000000000106b1e0, L_000000000106a4c0;
L_000000000106bc80 .part v000000000101f5d0_0, 12, 4;
L_000000000106bdc0 .part v00000000010201b0_0, 12, 4;
S_0000000000fb93e0 .scope module, "A0" "adder4" 3 12, 4 1 0, S_0000000000fc66d0;
 .timescale 0 0;
    .port_info 0 /OUTPUT 4 "S";
    .port_info 1 /OUTPUT 1 "cout";
    .port_info 2 /INPUT 4 "A";
    .port_info 3 /INPUT 4 "B";
    .port_info 4 /INPUT 1 "cin";
v0000000000fc3c70_0 .net "A", 3 0, L_000000000106b280;  1 drivers
v0000000000fc38b0_0 .net "B", 3 0, L_000000000106ba00;  1 drivers
v0000000000fc3950_0 .net "S", 3 0, L_0000000001020b10;  1 drivers
L_00000000010222d0 .functor BUFT 1, C4<0>, C4<0>, C4<0>, C4<0>;
v0000000000fc31d0_0 .net *"_ivl_10", 0 0, L_00000000010222d0;  1 drivers
v0000000000fc3a90_0 .net *"_ivl_11", 4 0, L_000000000106a560;  1 drivers
L_00000000010225e8 .functor BUFT 1, C4<00000>, C4<0>, C4<0>, C4<0>;
v0000000000fc3310_0 .net *"_ivl_13", 4 0, L_00000000010225e8;  1 drivers
v0000000000fc2c30_0 .net *"_ivl_17", 4 0, L_000000000106b960;  1 drivers
v0000000000fc3db0_0 .net *"_ivl_3", 4 0, L_0000000001020bb0;  1 drivers
L_0000000001022288 .functor BUFT 1, C4<0>, C4<0>, C4<0>, C4<0>;
v0000000000fc29b0_0 .net *"_ivl_6", 0 0, L_0000000001022288;  1 drivers
v0000000000fc3630_0 .net *"_ivl_7", 4 0, L_000000000106a420;  1 drivers
L_0000000001022318 .functor BUFT 1, C4<0>, C4<0>, C4<0>, C4<0>;
v0000000000fc24b0_0 .net "cin", 0 0, L_0000000001022318;  1 drivers
v0000000000fc3ef0_0 .net "cout", 0 0, L_0000000001020a70;  alias, 1 drivers
L_0000000001020a70 .part L_000000000106b960, 4, 1;
L_0000000001020b10 .part L_000000000106b960, 0, 4;
L_0000000001020bb0 .concat [ 4 1 0 0], L_000000000106b280, L_0000000001022288;
L_000000000106a420 .concat [ 4 1 0 0], L_000000000106ba00, L_00000000010222d0;
L_000000000106a560 .arith/sum 5, L_0000000001020bb0, L_000000000106a420;
L_000000000106b960 .arith/sum 5, L_000000000106a560, L_00000000010225e8;
S_0000000000fb9570 .scope module, "A1" "adder4" 3 13, 4 1 0, S_0000000000fc66d0;
 .timescale 0 0;
    .port_info 0 /OUTPUT 4 "S";
    .port_info 1 /OUTPUT 1 "cout";
    .port_info 2 /INPUT 4 "A";
    .port_info 3 /INPUT 4 "B";
    .port_info 4 /INPUT 1 "cin";
v0000000000fc3b30_0 .net "A", 3 0, L_000000000106ab00;  1 drivers
v0000000000fc3e50_0 .net "B", 3 0, L_000000000106ad80;  1 drivers
v0000000000fc2910_0 .net "S", 3 0, L_000000000106b780;  1 drivers
L_00000000010223a8 .functor BUFT 1, C4<0>, C4<0>, C4<0>, C4<0>;
v0000000000fc3d10_0 .net *"_ivl_10", 0 0, L_00000000010223a8;  1 drivers
v0000000000fc2cd0_0 .net *"_ivl_11", 4 0, L_000000000106a9c0;  1 drivers
v0000000000fc2050_0 .net *"_ivl_13", 4 0, L_000000000106bd20;  1 drivers
L_00000000010223f0 .functor BUFT 1, C4<0000>, C4<0>, C4<0>, C4<0>;
v0000000000fc33b0_0 .net *"_ivl_16", 3 0, L_00000000010223f0;  1 drivers
v0000000000fc36d0_0 .net *"_ivl_17", 4 0, L_000000000106c040;  1 drivers
v0000000000fc3590_0 .net *"_ivl_3", 4 0, L_000000000106a600;  1 drivers
L_0000000001022360 .functor BUFT 1, C4<0>, C4<0>, C4<0>, C4<0>;
v0000000000fc20f0_0 .net *"_ivl_6", 0 0, L_0000000001022360;  1 drivers
v0000000000fc2190_0 .net *"_ivl_7", 4 0, L_000000000106a380;  1 drivers
v0000000000fc2230_0 .net "cin", 0 0, L_0000000001020a70;  alias, 1 drivers
v0000000000fc22d0_0 .net "cout", 0 0, L_000000000106aa60;  alias, 1 drivers
L_000000000106aa60 .part L_000000000106c040, 4, 1;
L_000000000106b780 .part L_000000000106c040, 0, 4;
L_000000000106a600 .concat [ 4 1 0 0], L_000000000106ab00, L_0000000001022360;
L_000000000106a380 .concat [ 4 1 0 0], L_000000000106ad80, L_00000000010223a8;
L_000000000106a9c0 .arith/sum 5, L_000000000106a600, L_000000000106a380;
L_000000000106bd20 .concat [ 1 4 0 0], L_0000000001020a70, L_00000000010223f0;
L_000000000106c040 .arith/sum 5, L_000000000106a9c0, L_000000000106bd20;
S_0000000000fb9700 .scope module, "A2" "adder4" 3 14, 4 1 0, S_0000000000fc66d0;
 .timescale 0 0;
    .port_info 0 /OUTPUT 4 "S";
    .port_info 1 /OUTPUT 1 "cout";
    .port_info 2 /INPUT 4 "A";
    .port_info 3 /INPUT 4 "B";
    .port_info 4 /INPUT 1 "cin";
v0000000000fc2370_0 .net "A", 3 0, L_000000000106ace0;  1 drivers
v0000000000fc2410_0 .net "B", 3 0, L_000000000106bb40;  1 drivers
v0000000000fc25f0_0 .net "S", 3 0, L_000000000106b1e0;  1 drivers
L_0000000001022480 .functor BUFT 1, C4<0>, C4<0>, C4<0>, C4<0>;
v0000000000fc2a50_0 .net *"_ivl_10", 0 0, L_0000000001022480;  1 drivers
v0000000000fc2e10_0 .net *"_ivl_11", 4 0, L_000000000106b460;  1 drivers
v0000000000fc2730_0 .net *"_ivl_13", 4 0, L_000000000106a6a0;  1 drivers
L_00000000010224c8 .functor BUFT 1, C4<0000>, C4<0>, C4<0>, C4<0>;
v0000000000fc2ff0_0 .net *"_ivl_16", 3 0, L_00000000010224c8;  1 drivers
v0000000000fc2690_0 .net *"_ivl_17", 4 0, L_000000000106baa0;  1 drivers
v0000000000fc27d0_0 .net *"_ivl_3", 4 0, L_000000000106aec0;  1 drivers
L_0000000001022438 .functor BUFT 1, C4<0>, C4<0>, C4<0>, C4<0>;
v0000000000fc3450_0 .net *"_ivl_6", 0 0, L_0000000001022438;  1 drivers
v0000000000fc2870_0 .net *"_ivl_7", 4 0, L_000000000106b640;  1 drivers
v0000000000fc2af0_0 .net "cin", 0 0, L_000000000106aa60;  alias, 1 drivers
v0000000000fc2eb0_0 .net "cout", 0 0, L_000000000106b500;  alias, 1 drivers
L_000000000106b500 .part L_000000000106baa0, 4, 1;
L_000000000106b1e0 .part L_000000000106baa0, 0, 4;
L_000000000106aec0 .concat [ 4 1 0 0], L_000000000106ace0, L_0000000001022438;
L_000000000106b640 .concat [ 4 1 0 0], L_000000000106bb40, L_0000000001022480;
L_000000000106b460 .arith/sum 5, L_000000000106aec0, L_000000000106b640;
L_000000000106a6a0 .concat [ 1 4 0 0], L_000000000106aa60, L_00000000010224c8;
L_000000000106baa0 .arith/sum 5, L_000000000106b460, L_000000000106a6a0;
S_00000000001fe950 .scope module, "A3" "adder4" 3 15, 4 1 0, S_0000000000fc66d0;
 .timescale 0 0;
    .port_info 0 /OUTPUT 4 "S";
    .port_info 1 /OUTPUT 1 "cout";
    .port_info 2 /INPUT 4 "A";
    .port_info 3 /INPUT 4 "B";
    .port_info 4 /INPUT 1 "cin";
v0000000000fc2f50_0 .net "A", 3 0, L_000000000106bc80;  1 drivers
v0000000000fc3130_0 .net "B", 3 0, L_000000000106bdc0;  1 drivers
v0000000000fab850_0 .net "S", 3 0, L_000000000106a4c0;  1 drivers
L_0000000001022558 .functor BUFT 1, C4<0>, C4<0>, C4<0>, C4<0>;
v0000000000fab170_0 .net *"_ivl_10", 0 0, L_0000000001022558;  1 drivers
v0000000000fab210_0 .net *"_ivl_11", 4 0, L_000000000106bbe0;  1 drivers
v000000000101fd50_0 .net *"_ivl_13", 4 0, L_000000000106ac40;  1 drivers
L_00000000010225a0 .functor BUFT 1, C4<0000>, C4<0>, C4<0>, C4<0>;
v0000000001020c50_0 .net *"_ivl_16", 3 0, L_00000000010225a0;  1 drivers
v0000000001020250_0 .net *"_ivl_17", 4 0, L_000000000106a880;  1 drivers
v000000000101f990_0 .net *"_ivl_3", 4 0, L_000000000106a740;  1 drivers
L_0000000001022510 .functor BUFT 1, C4<0>, C4<0>, C4<0>, C4<0>;
v000000000101fa30_0 .net *"_ivl_6", 0 0, L_0000000001022510;  1 drivers
v00000000010207f0_0 .net *"_ivl_7", 4 0, L_000000000106a7e0;  1 drivers
v0000000001020e30_0 .net "cin", 0 0, L_000000000106b500;  alias, 1 drivers
v000000000101f7b0_0 .net "cout", 0 0, L_000000000106b8c0;  alias, 1 drivers
L_000000000106b8c0 .part L_000000000106a880, 4, 1;
L_000000000106a4c0 .part L_000000000106a880, 0, 4;
L_000000000106a740 .concat [ 4 1 0 0], L_000000000106bc80, L_0000000001022510;
L_000000000106a7e0 .concat [ 4 1 0 0], L_000000000106bdc0, L_0000000001022558;
L_000000000106bbe0 .arith/sum 5, L_000000000106a740, L_000000000106a7e0;
L_000000000106ac40 .concat [ 1 4 0 0], L_000000000106b500, L_00000000010225a0;
L_000000000106a880 .arith/sum 5, L_000000000106bbe0, L_000000000106ac40;
    .scope S_0000000000fc6540;
T_0 ;
    %vpi_call 2 6 "$dumpfile", "alu.cd" {0 0 0};
    %vpi_call 2 6 "$dumpvars", 32'sb00000000000000000000000000000000, S_0000000000fc6540 {0 0 0};
    %vpi_call 2 7 "$monitor", $time, "X = %h, Y = %h, Z = %h, Si = %b, Ze = %b, Ca = %b, Pa = %b, Ovf = %b", v000000000101f5d0_0, v00000000010201b0_0, v000000000101f710_0, v000000000101ffd0_0, v000000000101f3f0_0, v0000000001020110_0, v000000000101ff30_0, v000000000101f2b0_0 {0 0 0};
    %delay 5, 0;
    %pushi/vec4 36863, 0, 16;
    %store/vec4 v000000000101f5d0_0, 0, 16;
    %pushi/vec4 32768, 0, 16;
    %store/vec4 v00000000010201b0_0, 0, 16;
    %delay 5, 0;
    %pushi/vec4 65534, 0, 16;
    %store/vec4 v000000000101f5d0_0, 0, 16;
    %pushi/vec4 2, 0, 16;
    %store/vec4 v00000000010201b0_0, 0, 16;
    %delay 5, 0;
    %pushi/vec4 43690, 0, 16;
    %store/vec4 v000000000101f5d0_0, 0, 16;
    %pushi/vec4 21845, 0, 16;
    %store/vec4 v00000000010201b0_0, 0, 16;
    %delay 5, 0;
    %vpi_call 2 11 "$finish" {0 0 0};
    %end;
    .thread T_0;
# The file index is used to find the file name in the following table.
:file_names 5;
    "N/A";
    "<interactive>";
    "test_bench.v";
    "ALU.v";
    "4-bit_Adder.v";
