#! /c/iverilog/bin/vvp
:ivl_version "12.0 (devel)" "(s20150603-965-g55e06db6)";
:ivl_delay_selection "TYPICAL";
:vpi_time_precision + 0;
:vpi_module "C:\iverilog\lib\ivl\system.vpi";
:vpi_module "C:\iverilog\lib\ivl\vhdl_sys.vpi";
:vpi_module "C:\iverilog\lib\ivl\vhdl_textio.vpi";
:vpi_module "C:\iverilog\lib\ivl\v2005_math.vpi";
:vpi_module "C:\iverilog\lib\ivl\va_math.vpi";
S_0000000000ff9410 .scope module, "muxtest" "muxtest" 2 2;
 .timescale 0 0;
v0000000000ff9640_0 .var "A", 15 0;
v00000000010461c0_0 .net "F", 0 0, L_0000000001046300;  1 drivers
v0000000001046260_0 .var "S", 3 0;
S_0000000001046030 .scope module, "M" "mux16to1" 2 7, 3 8 0, S_0000000000ff9410;
 .timescale 0 0;
    .port_info 0 /INPUT 16 "in";
    .port_info 1 /INPUT 4 "sel";
    .port_info 2 /OUTPUT 1 "out";
v0000000000ffec60_0 .net "in", 15 0, v0000000000ff9640_0;  1 drivers
v0000000001012ed0_0 .net "out", 0 0, L_0000000001046300;  alias, 1 drivers
v0000000000ff95a0_0 .net "sel", 3 0, v0000000001046260_0;  1 drivers
L_0000000001046300 .part/v v0000000000ff9640_0, v0000000001046260_0, 1;
    .scope S_0000000000ff9410;
T_0 ;
    %vpi_call 2 11 "$dumpfile", "mux16to1.vcd" {0 0 0};
    %vpi_call 2 12 "$dumpvars", 32'sb00000000000000000000000000000000, S_0000000000ff9410 {0 0 0};
    %vpi_call 2 13 "$monitor", $time, "A = %h, S = %h, F = %b", v0000000000ff9640_0, v0000000001046260_0, v00000000010461c0_0 {0 0 0};
    %delay 5, 0;
    %pushi/vec4 16138, 0, 16;
    %store/vec4 v0000000000ff9640_0, 0, 16;
    %pushi/vec4 0, 0, 4;
    %store/vec4 v0000000001046260_0, 0, 4;
    %delay 5, 0;
    %pushi/vec4 1, 0, 4;
    %store/vec4 v0000000001046260_0, 0, 4;
    %delay 5, 0;
    %pushi/vec4 6, 0, 4;
    %store/vec4 v0000000001046260_0, 0, 4;
    %delay 5, 0;
    %pushi/vec4 12, 0, 4;
    %store/vec4 v0000000001046260_0, 0, 4;
    %delay 5, 0;
    %vpi_call 2 18 "$finish" {0 0 0};
    %end;
    .thread T_0;
# The file index is used to find the file name in the following table.
:file_names 4;
    "N/A";
    "<interactive>";
    "16MUX_TestBench.v";
    "16MUX.v";
